[0.075s] Invoking command in '/home/mechax/zyb/radar_station/build/Get_Camera_Img': CMAKE_PREFIX_PATH=${CMAKE_PREFIX_PATH}:/opt/ros/humble /usr/bin/cmake --build /home/mechax/zyb/radar_station/build/Get_Camera_Img -- -j16 -l16
[0.110s] [ 33%] [32mBuilding CXX object CMakeFiles/Get_Img.dir/src/get_img.cpp.o[0m
[2.207s] [01m[K/home/mechax/zyb/radar_station/src/Get_Camera_Img/src/get_img.cpp:[m[K In member function â€˜[01m[Kvoid GetImg::camera_init()[m[Kâ€™:
[2.207s] [01m[K/home/mechax/zyb/radar_station/src/Get_Camera_Img/src/get_img.cpp:87:16:[m[K [01;31m[Kerror: [m[Kâ€˜[01m[Kclass MVCamera[m[Kâ€™ has no member named â€˜[01m[KCameraSetDisplaySize[m[Kâ€™
[2.208s]    87 |     mv_driver->[01;31m[KCameraSetDisplaySize[m[K(init_suc, 640, 480)
[2.208s]       |                [01;31m[K^~~~~~~~~~~~~~~~~~~~[m[K
[4.610s] gmake[2]: *** [CMakeFiles/Get_Img.dir/build.make:76: CMakeFiles/Get_Img.dir/src/get_img.cpp.o] Error 1
[4.610s] gmake[1]: *** [CMakeFiles/Makefile2:137: CMakeFiles/Get_Img.dir/all] Error 2
[4.610s] gmake: *** [Makefile:146: all] Error 2
[4.613s] Invoked command in '/home/mechax/zyb/radar_station/build/Get_Camera_Img' returned '2': CMAKE_PREFIX_PATH=${CMAKE_PREFIX_PATH}:/opt/ros/humble /usr/bin/cmake --build /home/mechax/zyb/radar_station/build/Get_Camera_Img -- -j16 -l16
