[0.047s] Invoking command in '/home/mechax/zyb/radar_station/build/map_test': CMAKE_PREFIX_PATH=/home/mechax/zyb/radar_station/install/my_msgss:/home/mechax/zyb/radar_station/install/map_test:/home/mechax/zyb/radar_station/install/get_depth:/home/mechax/zyb/radar_station/install/Img_Handle:/home/mechax/zyb/radar_station/install/Game_Map:/home/mechax/zyb/radar_station/install/mindvision_camera:/home/mechax/zyb/radar_station/install/Yolo_Handle:/home/mechax/zyb/radar_station/install/Qt5_displayer:/home/mechax/ws_livox/install/livox_ros2_driver:/home/mechax/ws_livox/install/livox_sdk_vendor:/home/mechax/ws_livox/install/livox_interfaces:/opt/ros/humble /usr/bin/cmake --build /home/mechax/zyb/radar_station/build/map_test -- -j16 -l16
[0.087s] [ 50%] [32mBuilding CXX object CMakeFiles/map_test.dir/src/map_test.cpp.o[0m
[2.041s] [01m[K/home/mechax/zyb/radar_station/src/map_test/src/map_test.cpp:98:6:[m[K [01;31m[Kerror: [m[Kno declaration matches â€˜[01m[Kvoid MapTest::pnp_callback(std_msgs::msg::Float32MultiArray)[m[Kâ€™
[2.041s]    98 | void [01;31m[KMapTest[m[K::pnp_callback(const std_msgs::msg::Float32MultiArray msg)
[2.041s]       |      [01;31m[K^~~~~~~[m[K
[2.041s] [01m[K/home/mechax/zyb/radar_station/src/map_test/src/map_test.cpp:98:6:[m[K [01;36m[Knote: [m[Kno functions named â€˜[01m[Kvoid MapTest::pnp_callback(std_msgs::msg::Float32MultiArray)[m[Kâ€™
[2.041s] In file included from [01m[K/home/mechax/zyb/radar_station/src/map_test/src/map_test.cpp:1[m[K:
[2.041s] [01m[K/home/mechax/zyb/radar_station/src/map_test/include/map_test.hpp:26:7:[m[K [01;36m[Knote: [m[Kâ€˜[01m[Kclass MapTest[m[Kâ€™ defined here
[2.041s]    26 | class [01;36m[KMapTest[m[K : public rclcpp::Node
[2.041s]       |       [01;36m[K^~~~~~~[m[K
[2.042s] [01m[K/home/mechax/zyb/radar_station/src/map_test/src/map_test.cpp:[m[K In member function â€˜[01m[Kvoid MapTest::draw_point_on_map()[m[Kâ€™:
[2.042s] [01m[K/home/mechax/zyb/radar_station/src/map_test/src/map_test.cpp:129:20:[m[K [01;35m[Kwarning: [m[Kcomparison of integer expressions of different signedness: â€˜[01m[Kint[m[Kâ€™ and â€˜[01m[Kstd::vector<map_point>::size_type[m[Kâ€™ {aka â€˜[01m[Klong unsigned int[m[Kâ€™} [[01;35m[K]8;;https://gcc.gnu.org/onlinedocs/gcc/Warning-Options.html#index-Wsign-compare-Wsign-compare]8;;[m[K]
[2.042s]   129 |     for(int i = 0;[01;35m[Ki<map_points.size()[m[K;i++)
[2.042s]       |                   [01;35m[K~^~~~~~~~~~~~~~~~~~[m[K
[2.043s] [01m[K/home/mechax/zyb/radar_station/src/map_test/src/map_test.cpp:[m[K In member function â€˜[01m[Kvoid MapTest::far_callback(my_msgss::msg::Distpoints)[m[Kâ€™:
[2.043s] [01m[K/home/mechax/zyb/radar_station/src/map_test/src/map_test.cpp:160:20:[m[K [01;35m[Kwarning: [m[Kcomparison of integer expressions of different signedness: â€˜[01m[Kint[m[Kâ€™ and â€˜[01m[Kstd::vector<my_msgss::msg::Distpoint_<std::allocator<void> >, std::allocator<my_msgss::msg::Distpoint_<std::allocator<void> > > >::size_type[m[Kâ€™ {aka â€˜[01m[Klong unsigned int[m[Kâ€™} [[01;35m[K]8;;https://gcc.gnu.org/onlinedocs/gcc/Warning-Options.html#index-Wsign-compare-Wsign-compare]8;;[m[K]
[2.043s]   160 |     for(int i =0 ;[01;35m[Ki<msg.data.size()[m[K;i++)
[2.043s]       |                   [01;35m[K~^~~~~~~~~~~~~~~~[m[K
[3.744s] gmake[2]: *** [CMakeFiles/map_test.dir/build.make:76: CMakeFiles/map_test.dir/src/map_test.cpp.o] Error 1
[3.744s] gmake[1]: *** [CMakeFiles/Makefile2:137: CMakeFiles/map_test.dir/all] Error 2
[3.744s] gmake: *** [Makefile:146: all] Error 2
[3.747s] Invoked command in '/home/mechax/zyb/radar_station/build/map_test' returned '2': CMAKE_PREFIX_PATH=/home/mechax/zyb/radar_station/install/my_msgss:/home/mechax/zyb/radar_station/install/map_test:/home/mechax/zyb/radar_station/install/get_depth:/home/mechax/zyb/radar_station/install/Img_Handle:/home/mechax/zyb/radar_station/install/Game_Map:/home/mechax/zyb/radar_station/install/mindvision_camera:/home/mechax/zyb/radar_station/install/Yolo_Handle:/home/mechax/zyb/radar_station/install/Qt5_displayer:/home/mechax/ws_livox/install/livox_ros2_driver:/home/mechax/ws_livox/install/livox_sdk_vendor:/home/mechax/ws_livox/install/livox_interfaces:/opt/ros/humble /usr/bin/cmake --build /home/mechax/zyb/radar_station/build/map_test -- -j16 -l16
